2013/01/31 16:40:31 [error] [exception.CHttpException.404] exception 'CHttpException' with message 'Unable to resolve the request "gii/model".' in /Users/wangalrebt/Sites/yii-1.1.13.e9e4a0/framework/web/CWebApplication.php:286
Stack trace:
#0 /Users/wangalrebt/Sites/yii-1.1.13.e9e4a0/framework/web/CWebApplication.php(141): CWebApplication->runController('gii/model')
#1 /Users/wangalrebt/Sites/yii-1.1.13.e9e4a0/framework/base/CApplication.php(169): CWebApplication->processRequest()
#2 /Users/wangalrebt/Sites/testdrive/index.php(13): CApplication->run()
#3 {main}
REQUEST_URI=/~wangalrebt/testdrive/index.php?r=gii/model
---
2013/01/31 16:45:10 [error] [php] date(): It is not safe to rely on the system's timezone settings. You are *required* to use the date.timezone setting or the date_default_timezone_set() function. In case you used any of those methods and you are still getting this warning, you most likely misspelled the timezone identifier. We selected 'America/New_York' for 'EST/-5.0/no DST' instead (/Users/wangalrebt/Sites/testdrive/protected/views/layouts/main.php:51)
Stack trace:
#0 /Users/wangalrebt/Sites/yii-1.1.13.e9e4a0/framework/web/CBaseController.php(95): SiteController->renderInternal()
#1 /Users/wangalrebt/Sites/yii-1.1.13.e9e4a0/framework/web/widgets/CContentDecorator.php(76): SiteController->renderFile()
#2 /Users/wangalrebt/Sites/yii-1.1.13.e9e4a0/framework/web/widgets/CContentDecorator.php(54): CContentDecorator->decorate()
#3 /Users/wangalrebt/Sites/yii-1.1.13.e9e4a0/framework/web/widgets/COutputProcessor.php(44): CContentDecorator->processOutput()
#4 /Users/wangalrebt/Sites/yii-1.1.13.e9e4a0/framework/web/CBaseController.php(206): CContentDecorator->run()
#5 /Users/wangalrebt/Sites/yii-1.1.13.e9e4a0/framework/web/CBaseController.php(300): SiteController->endWidget()
#6 /Users/wangalrebt/Sites/testdrive/protected/views/layouts/column1.php(6): SiteController->endContent()
#7 /Users/wangalrebt/Sites/yii-1.1.13.e9e4a0/framework/web/CBaseController.php(126): require()
#8 /Users/wangalrebt/Sites/yii-1.1.13.e9e4a0/framework/web/CBaseController.php(95): SiteController->renderInternal()
#9 /Users/wangalrebt/Sites/yii-1.1.13.e9e4a0/framework/web/CController.php(784): SiteController->renderFile()
#10 /Users/wangalrebt/Sites/testdrive/protected/controllers/SiteController.php(32): SiteController->render()
#11 /Users/wangalrebt/Sites/yii-1.1.13.e9e4a0/framework/web/actions/CInlineAction.php(49): SiteController->actionIndex()
#12 /Users/wangalrebt/Sites/yii-1.1.13.e9e4a0/framework/web/CController.php(308): CInlineAction->runWithParams()
#13 /Users/wangalrebt/Sites/yii-1.1.13.e9e4a0/framework/web/CController.php(286): SiteController->runAction()
#14 /Users/wangalrebt/Sites/yii-1.1.13.e9e4a0/framework/web/CController.php(265): SiteController->runActionWithFilters()
#15 /Users/wangalrebt/Sites/yii-1.1.13.e9e4a0/framework/web/CWebApplication.php(282): SiteController->run()
#16 /Users/wangalrebt/Sites/yii-1.1.13.e9e4a0/framework/web/CWebApplication.php(141): CWebApplication->runController()
#17 /Users/wangalrebt/Sites/yii-1.1.13.e9e4a0/framework/base/CApplication.php(169): CWebApplication->processRequest()
#18 /Users/wangalrebt/Sites/testdrive/index.php(13): CWebApplication->run()
REQUEST_URI=/~wangalrebt/testdrive/
in /Users/wangalrebt/Sites/testdrive/protected/views/layouts/main.php (51)
in /Users/wangalrebt/Sites/testdrive/protected/views/layouts/column1.php (6)
in /Users/wangalrebt/Sites/testdrive/protected/controllers/SiteController.php (32)
2013/02/01 18:27:45 [error] [system.db.CDbCommand] CDbCommand::fetchAll() failed: SQLSTATE[42S02]: Base table or view not found: 1146 Table 'testdrive.t' doesn't exist. The SQL statement executed was: SHOW FULL COLUMNS FROM `t`.
in /Users/wangalrebt/Sites/testdrive/index.php (13)
2013/02/01 18:52:57 [error] [exception.CHttpException.403] exception 'CHttpException' with message 'You are not authorized to perform this action.' in /Users/wangalrebt/Sites/yii-1.1.13.e9e4a0/framework/web/auth/CAccessControlFilter.php:179
Stack trace:
#0 /Users/wangalrebt/Sites/yii-1.1.13.e9e4a0/framework/web/auth/CAccessControlFilter.php(142): CAccessControlFilter->accessDenied(Object(CWebUser), 'You are not aut...')
#1 /Users/wangalrebt/Sites/yii-1.1.13.e9e4a0/framework/web/filters/CFilter.php(38): CAccessControlFilter->preFilter(Object(CFilterChain))
#2 /Users/wangalrebt/Sites/yii-1.1.13.e9e4a0/framework/web/CController.php(1145): CFilter->filter(Object(CFilterChain))
#3 /Users/wangalrebt/Sites/yii-1.1.13.e9e4a0/framework/web/filters/CInlineFilter.php(58): CController->filterAccessControl(Object(CFilterChain))
#4 /Users/wangalrebt/Sites/yii-1.1.13.e9e4a0/framework/web/filters/CFilterChain.php(130): CInlineFilter->filter(Object(CFilterChain))
#5 /Users/wangalrebt/Sites/yii-1.1.13.e9e4a0/framework/web/CController.php(291): CFilterChain->run()
#6 /Users/wangalrebt/Sites/yii-1.1.13.e9e4a0/framework/web/CController.php(265): CController->runActionWithFilters(Object(CInlineAction), Array)
#7 /Users/wangalrebt/Sites/yii-1.1.13.e9e4a0/framework/web/CWebApplication.php(282): CController->run('admin')
#8 /Users/wangalrebt/Sites/yii-1.1.13.e9e4a0/framework/web/CWebApplication.php(141): CWebApplication->runController('user/admin')
#9 /Users/wangalrebt/Sites/yii-1.1.13.e9e4a0/framework/base/CApplication.php(169): CWebApplication->processRequest()
#10 /Users/wangalrebt/Sites/testdrive/index.php(13): CApplication->run()
#11 {main}
REQUEST_URI=/~wangalrebt/testdrive/index.php?r=user/admin
HTTP_REFERER=http://localhost/~wangalrebt/testdrive/index.php?r=user/index
---
2013/02/07 16:46:06 [error] [php] date(): It is not safe to rely on the system's timezone settings. You are *required* to use the date.timezone setting or the date_default_timezone_set() function. In case you used any of those methods and you are still getting this warning, you most likely misspelled the timezone identifier. We selected 'America/New_York' for 'EST/-5.0/no DST' instead (/Users/wangalrebt/Sites/testdrive/protected/controllers/MessageController.php:7)
Stack trace:
#0 /Users/wangalrebt/Sites/yii-1.1.13.e9e4a0/framework/web/CController.php(308): CInlineAction->runWithParams()
#1 /Users/wangalrebt/Sites/yii-1.1.13.e9e4a0/framework/web/CController.php(286): MessageController->runAction()
#2 /Users/wangalrebt/Sites/yii-1.1.13.e9e4a0/framework/web/CController.php(265): MessageController->runActionWithFilters()
#3 /Users/wangalrebt/Sites/yii-1.1.13.e9e4a0/framework/web/CWebApplication.php(282): MessageController->run()
#4 /Users/wangalrebt/Sites/yii-1.1.13.e9e4a0/framework/web/CWebApplication.php(141): CWebApplication->runController()
#5 /Users/wangalrebt/Sites/yii-1.1.13.e9e4a0/framework/base/CApplication.php(169): CWebApplication->processRequest()
#6 /Users/wangalrebt/Sites/testdrive/index.php(13): CWebApplication->run()
REQUEST_URI=/~wangalrebt/testdrive/index.php?r=message/helloworld
in /Users/wangalrebt/Sites/testdrive/protected/controllers/MessageController.php (7)
in /Users/wangalrebt/Sites/testdrive/index.php (13)
2013/02/07 16:53:26 [error] [php] date(): It is not safe to rely on the system's timezone settings. You are *required* to use the date.timezone setting or the date_default_timezone_set() function. In case you used any of those methods and you are still getting this warning, you most likely misspelled the timezone identifier. We selected 'America/New_York' for 'EST/-5.0/no DST' instead (/Users/wangalrebt/Sites/testdrive/protected/controllers/MessageController.php:7)
Stack trace:
#0 /Users/wangalrebt/Sites/yii-1.1.13.e9e4a0/framework/web/CController.php(308): CInlineAction->runWithParams()
#1 /Users/wangalrebt/Sites/yii-1.1.13.e9e4a0/framework/web/CController.php(286): MessageController->runAction()
#2 /Users/wangalrebt/Sites/yii-1.1.13.e9e4a0/framework/web/CController.php(265): MessageController->runActionWithFilters()
#3 /Users/wangalrebt/Sites/yii-1.1.13.e9e4a0/framework/web/CWebApplication.php(282): MessageController->run()
#4 /Users/wangalrebt/Sites/yii-1.1.13.e9e4a0/framework/web/CWebApplication.php(141): CWebApplication->runController()
#5 /Users/wangalrebt/Sites/yii-1.1.13.e9e4a0/framework/base/CApplication.php(169): CWebApplication->processRequest()
#6 /Users/wangalrebt/Sites/testdrive/index.php(13): CWebApplication->run()
REQUEST_URI=/~wangalrebt/testdrive/index.php?r=message/helloworld
in /Users/wangalrebt/Sites/testdrive/protected/controllers/MessageController.php (7)
in /Users/wangalrebt/Sites/testdrive/index.php (13)
2013/02/10 17:39:58 [error] [exception.CHttpException.404] exception 'CHttpException' with message 'The system is unable to find the requested action "new".' in /Users/wangalrebt/Sites/yii-1.1.13.e9e4a0/framework/web/CController.php:483
Stack trace:
#0 /Users/wangalrebt/Sites/yii-1.1.13.e9e4a0/framework/web/CController.php(270): CController->missingAction('new')
#1 /Users/wangalrebt/Sites/yii-1.1.13.e9e4a0/framework/web/CWebApplication.php(282): CController->run('new')
#2 /Users/wangalrebt/Sites/yii-1.1.13.e9e4a0/framework/web/CWebApplication.php(141): CWebApplication->runController('user/new')
#3 /Users/wangalrebt/Sites/yii-1.1.13.e9e4a0/framework/base/CApplication.php(169): CWebApplication->processRequest()
#4 /Users/wangalrebt/Sites/testdrive/index.php(13): CApplication->run()
#5 {main}
REQUEST_URI=/~wangalrebt/testdrive/index.php?r=user/new
---
2013/02/10 22:42:49 [error] [exception.CDbException] exception 'CDbException' with message 'Table "tbl_user" does not have a column named "username".' in /Users/wangalrebt/Sites/yii-1.1.13.e9e4a0/framework/db/schema/CDbCommandBuilder.php:591
Stack trace:
#0 /Users/wangalrebt/Sites/yii-1.1.13.e9e4a0/framework/db/ar/CActiveRecord.php(1464): CDbCommandBuilder->createColumnCriteria(Object(CMysqlTableSchema), Array, '', Array, '`t`.')
#1 /Users/wangalrebt/Sites/testdrive/protected/components/UserIdentity.php(17): CActiveRecord->findByAttributes(Array)
#2 /Users/wangalrebt/Sites/testdrive/protected/models/LoginForm.php(52): UserIdentity->authenticate()
#3 /Users/wangalrebt/Sites/yii-1.1.13.e9e4a0/framework/validators/CInlineValidator.php(42): LoginForm->authenticate('password', Array)
#4 /Users/wangalrebt/Sites/yii-1.1.13.e9e4a0/framework/validators/CValidator.php(213): CInlineValidator->validateAttribute(Object(LoginForm), 'password')
#5 /Users/wangalrebt/Sites/yii-1.1.13.e9e4a0/framework/base/CModel.php(159): CValidator->validate(Object(LoginForm), NULL)
#6 /Users/wangalrebt/Sites/testdrive/protected/controllers/SiteController.php(94): CModel->validate()
#7 /Users/wangalrebt/Sites/yii-1.1.13.e9e4a0/framework/web/actions/CInlineAction.php(49): SiteController->actionLogin()
#8 /Users/wangalrebt/Sites/yii-1.1.13.e9e4a0/framework/web/CController.php(308): CInlineAction->runWithParams(Array)
#9 /Users/wangalrebt/Sites/yii-1.1.13.e9e4a0/framework/web/CController.php(286): CController->runAction(Object(CInlineAction))
#10 /Users/wangalrebt/Sites/yii-1.1.13.e9e4a0/framework/web/CController.php(265): CController->runActionWithFilters(Object(CInlineAction), Array)
#11 /Users/wangalrebt/Sites/yii-1.1.13.e9e4a0/framework/web/CWebApplication.php(282): CController->run('login')
#12 /Users/wangalrebt/Sites/yii-1.1.13.e9e4a0/framework/web/CWebApplication.php(141): CWebApplication->runController('site/login')
#13 /Users/wangalrebt/Sites/yii-1.1.13.e9e4a0/framework/base/CApplication.php(169): CWebApplication->processRequest()
#14 /Users/wangalrebt/Sites/testdrive/index.php(13): CApplication->run()
#15 {main}
REQUEST_URI=/~wangalrebt/testdrive/index.php?r=site/login
HTTP_REFERER=http://localhost/~wangalrebt/testdrive/index.php?r=site/login
---
2013/02/10 22:45:22 [error] [exception.CException] exception 'CException' with message 'Property "LoginForm.email" is not defined.' in /Users/wangalrebt/Sites/yii-1.1.13.e9e4a0/framework/base/CComponent.php:130
Stack trace:
#0 /Users/wangalrebt/Sites/yii-1.1.13.e9e4a0/framework/web/helpers/CHtml.php(2255): CComponent->__get('email')
#1 /Users/wangalrebt/Sites/yii-1.1.13.e9e4a0/framework/web/helpers/CHtml.php(1980): CHtml::resolveValue(Object(LoginForm), 'email')
#2 /Users/wangalrebt/Sites/yii-1.1.13.e9e4a0/framework/web/helpers/CHtml.php(1257): CHtml::activeInputField('text', Object(LoginForm), 'email', Array)
#3 /Users/wangalrebt/Sites/yii-1.1.13.e9e4a0/framework/web/widgets/CActiveForm.php(657): CHtml::activeTextField(Object(LoginForm), 'email', Array)
#4 /Users/wangalrebt/Sites/testdrive/protected/views/site/login.php(29): CActiveForm->textField(Object(LoginForm), 'email')
#5 /Users/wangalrebt/Sites/yii-1.1.13.e9e4a0/framework/web/CBaseController.php(126): require('/Users/wangalre...')
#6 /Users/wangalrebt/Sites/yii-1.1.13.e9e4a0/framework/web/CBaseController.php(95): CBaseController->renderInternal('/Users/wangalre...', Array, true)
#7 /Users/wangalrebt/Sites/yii-1.1.13.e9e4a0/framework/web/CController.php(869): CBaseController->renderFile('/Users/wangalre...', Array, true)
#8 /Users/wangalrebt/Sites/yii-1.1.13.e9e4a0/framework/web/CController.php(782): CController->renderPartial('login', Array, true)
#9 /Users/wangalrebt/Sites/testdrive/protected/controllers/SiteController.php(98): CController->render('login', Array)
#10 /Users/wangalrebt/Sites/yii-1.1.13.e9e4a0/framework/web/actions/CInlineAction.php(49): SiteController->actionLogin()
#11 /Users/wangalrebt/Sites/yii-1.1.13.e9e4a0/framework/web/CController.php(308): CInlineAction->runWithParams(Array)
#12 /Users/wangalrebt/Sites/yii-1.1.13.e9e4a0/framework/web/CController.php(286): CController->runAction(Object(CInlineAction))
#13 /Users/wangalrebt/Sites/yii-1.1.13.e9e4a0/framework/web/CController.php(265): CController->runActionWithFilters(Object(CInlineAction), Array)
#14 /Users/wangalrebt/Sites/yii-1.1.13.e9e4a0/framework/web/CWebApplication.php(282): CController->run('login')
#15 /Users/wangalrebt/Sites/yii-1.1.13.e9e4a0/framework/web/CWebApplication.php(141): CWebApplication->runController('site/login')
#16 /Users/wangalrebt/Sites/yii-1.1.13.e9e4a0/framework/base/CApplication.php(169): CWebApplication->processRequest()
#17 /Users/wangalrebt/Sites/testdrive/index.php(13): CApplication->run()
#18 {main}
REQUEST_URI=/~wangalrebt/testdrive/index.php?r=site/login
---
2013/02/10 22:45:26 [error] [exception.CException] exception 'CException' with message 'Property "LoginForm.email" is not defined.' in /Users/wangalrebt/Sites/yii-1.1.13.e9e4a0/framework/base/CComponent.php:130
Stack trace:
#0 /Users/wangalrebt/Sites/yii-1.1.13.e9e4a0/framework/web/helpers/CHtml.php(2255): CComponent->__get('email')
#1 /Users/wangalrebt/Sites/yii-1.1.13.e9e4a0/framework/web/helpers/CHtml.php(1980): CHtml::resolveValue(Object(LoginForm), 'email')
#2 /Users/wangalrebt/Sites/yii-1.1.13.e9e4a0/framework/web/helpers/CHtml.php(1257): CHtml::activeInputField('text', Object(LoginForm), 'email', Array)
#3 /Users/wangalrebt/Sites/yii-1.1.13.e9e4a0/framework/web/widgets/CActiveForm.php(657): CHtml::activeTextField(Object(LoginForm), 'email', Array)
#4 /Users/wangalrebt/Sites/testdrive/protected/views/site/login.php(29): CActiveForm->textField(Object(LoginForm), 'email')
#5 /Users/wangalrebt/Sites/yii-1.1.13.e9e4a0/framework/web/CBaseController.php(126): require('/Users/wangalre...')
#6 /Users/wangalrebt/Sites/yii-1.1.13.e9e4a0/framework/web/CBaseController.php(95): CBaseController->renderInternal('/Users/wangalre...', Array, true)
#7 /Users/wangalrebt/Sites/yii-1.1.13.e9e4a0/framework/web/CController.php(869): CBaseController->renderFile('/Users/wangalre...', Array, true)
#8 /Users/wangalrebt/Sites/yii-1.1.13.e9e4a0/framework/web/CController.php(782): CController->renderPartial('login', Array, true)
#9 /Users/wangalrebt/Sites/testdrive/protected/controllers/SiteController.php(98): CController->render('login', Array)
#10 /Users/wangalrebt/Sites/yii-1.1.13.e9e4a0/framework/web/actions/CInlineAction.php(49): SiteController->actionLogin()
#11 /Users/wangalrebt/Sites/yii-1.1.13.e9e4a0/framework/web/CController.php(308): CInlineAction->runWithParams(Array)
#12 /Users/wangalrebt/Sites/yii-1.1.13.e9e4a0/framework/web/CController.php(286): CController->runAction(Object(CInlineAction))
#13 /Users/wangalrebt/Sites/yii-1.1.13.e9e4a0/framework/web/CController.php(265): CController->runActionWithFilters(Object(CInlineAction), Array)
#14 /Users/wangalrebt/Sites/yii-1.1.13.e9e4a0/framework/web/CWebApplication.php(282): CController->run('login')
#15 /Users/wangalrebt/Sites/yii-1.1.13.e9e4a0/framework/web/CWebApplication.php(141): CWebApplication->runController('site/login')
#16 /Users/wangalrebt/Sites/yii-1.1.13.e9e4a0/framework/base/CApplication.php(169): CWebApplication->processRequest()
#17 /Users/wangalrebt/Sites/testdrive/index.php(13): CApplication->run()
#18 {main}
REQUEST_URI=/~wangalrebt/testdrive/index.php?r=site/login
---
2013/02/10 22:45:44 [error] [exception.CException] exception 'CException' with message 'Property "LoginForm.email" is not defined.' in /Users/wangalrebt/Sites/yii-1.1.13.e9e4a0/framework/base/CComponent.php:130
Stack trace:
#0 /Users/wangalrebt/Sites/yii-1.1.13.e9e4a0/framework/web/helpers/CHtml.php(2255): CComponent->__get('email')
#1 /Users/wangalrebt/Sites/yii-1.1.13.e9e4a0/framework/web/helpers/CHtml.php(1980): CHtml::resolveValue(Object(LoginForm), 'email')
#2 /Users/wangalrebt/Sites/yii-1.1.13.e9e4a0/framework/web/helpers/CHtml.php(1257): CHtml::activeInputField('text', Object(LoginForm), 'email', Array)
#3 /Users/wangalrebt/Sites/yii-1.1.13.e9e4a0/framework/web/widgets/CActiveForm.php(657): CHtml::activeTextField(Object(LoginForm), 'email', Array)
#4 /Users/wangalrebt/Sites/testdrive/protected/views/site/login.php(29): CActiveForm->textField(Object(LoginForm), 'email')
#5 /Users/wangalrebt/Sites/yii-1.1.13.e9e4a0/framework/web/CBaseController.php(126): require('/Users/wangalre...')
#6 /Users/wangalrebt/Sites/yii-1.1.13.e9e4a0/framework/web/CBaseController.php(95): CBaseController->renderInternal('/Users/wangalre...', Array, true)
#7 /Users/wangalrebt/Sites/yii-1.1.13.e9e4a0/framework/web/CController.php(869): CBaseController->renderFile('/Users/wangalre...', Array, true)
#8 /Users/wangalrebt/Sites/yii-1.1.13.e9e4a0/framework/web/CController.php(782): CController->renderPartial('login', Array, true)
#9 /Users/wangalrebt/Sites/testdrive/protected/controllers/SiteController.php(98): CController->render('login', Array)
#10 /Users/wangalrebt/Sites/yii-1.1.13.e9e4a0/framework/web/actions/CInlineAction.php(49): SiteController->actionLogin()
#11 /Users/wangalrebt/Sites/yii-1.1.13.e9e4a0/framework/web/CController.php(308): CInlineAction->runWithParams(Array)
#12 /Users/wangalrebt/Sites/yii-1.1.13.e9e4a0/framework/web/CController.php(286): CController->runAction(Object(CInlineAction))
#13 /Users/wangalrebt/Sites/yii-1.1.13.e9e4a0/framework/web/CController.php(265): CController->runActionWithFilters(Object(CInlineAction), Array)
#14 /Users/wangalrebt/Sites/yii-1.1.13.e9e4a0/framework/web/CWebApplication.php(282): CController->run('login')
#15 /Users/wangalrebt/Sites/yii-1.1.13.e9e4a0/framework/web/CWebApplication.php(141): CWebApplication->runController('site/login')
#16 /Users/wangalrebt/Sites/yii-1.1.13.e9e4a0/framework/base/CApplication.php(169): CWebApplication->processRequest()
#17 /Users/wangalrebt/Sites/testdrive/index.php(13): CApplication->run()
#18 {main}
REQUEST_URI=/~wangalrebt/testdrive/index.php?r=site/login
HTTP_REFERER=http://localhost/~wangalrebt/testdrive/index.php
---
2013/02/10 22:58:04 [error] [exception.CException] exception 'CException' with message 'Property "LoginForm.email" is not defined.' in /Users/wangalrebt/Sites/yii-1.1.13.e9e4a0/framework/base/CComponent.php:130
Stack trace:
#0 /Users/wangalrebt/Sites/yii-1.1.13.e9e4a0/framework/web/helpers/CHtml.php(2255): CComponent->__get('email')
#1 /Users/wangalrebt/Sites/yii-1.1.13.e9e4a0/framework/web/helpers/CHtml.php(1980): CHtml::resolveValue(Object(LoginForm), 'email')
#2 /Users/wangalrebt/Sites/yii-1.1.13.e9e4a0/framework/web/helpers/CHtml.php(1257): CHtml::activeInputField('text', Object(LoginForm), 'email', Array)
#3 /Users/wangalrebt/Sites/yii-1.1.13.e9e4a0/framework/web/widgets/CActiveForm.php(657): CHtml::activeTextField(Object(LoginForm), 'email', Array)
#4 /Users/wangalrebt/Sites/testdrive/protected/views/site/login.php(29): CActiveForm->textField(Object(LoginForm), 'email')
#5 /Users/wangalrebt/Sites/yii-1.1.13.e9e4a0/framework/web/CBaseController.php(126): require('/Users/wangalre...')
#6 /Users/wangalrebt/Sites/yii-1.1.13.e9e4a0/framework/web/CBaseController.php(95): CBaseController->renderInternal('/Users/wangalre...', Array, true)
#7 /Users/wangalrebt/Sites/yii-1.1.13.e9e4a0/framework/web/CController.php(869): CBaseController->renderFile('/Users/wangalre...', Array, true)
#8 /Users/wangalrebt/Sites/yii-1.1.13.e9e4a0/framework/web/CController.php(782): CController->renderPartial('login', Array, true)
#9 /Users/wangalrebt/Sites/testdrive/protected/controllers/SiteController.php(98): CController->render('login', Array)
#10 /Users/wangalrebt/Sites/yii-1.1.13.e9e4a0/framework/web/actions/CInlineAction.php(49): SiteController->actionLogin()
#11 /Users/wangalrebt/Sites/yii-1.1.13.e9e4a0/framework/web/CController.php(308): CInlineAction->runWithParams(Array)
#12 /Users/wangalrebt/Sites/yii-1.1.13.e9e4a0/framework/web/CController.php(286): CController->runAction(Object(CInlineAction))
#13 /Users/wangalrebt/Sites/yii-1.1.13.e9e4a0/framework/web/CController.php(265): CController->runActionWithFilters(Object(CInlineAction), Array)
#14 /Users/wangalrebt/Sites/yii-1.1.13.e9e4a0/framework/web/CWebApplication.php(282): CController->run('login')
#15 /Users/wangalrebt/Sites/yii-1.1.13.e9e4a0/framework/web/CWebApplication.php(141): CWebApplication->runController('site/login')
#16 /Users/wangalrebt/Sites/yii-1.1.13.e9e4a0/framework/base/CApplication.php(169): CWebApplication->processRequest()
#17 /Users/wangalrebt/Sites/testdrive/index.php(13): CApplication->run()
#18 {main}
REQUEST_URI=/~wangalrebt/testdrive/index.php?r=site/login
---
2013/02/10 22:58:33 [error] [exception.CException] exception 'CException' with message 'Property "UserIdentity.email" is not defined.' in /Users/wangalrebt/Sites/yii-1.1.13.e9e4a0/framework/base/CComponent.php:130
Stack trace:
#0 /Users/wangalrebt/Sites/testdrive/protected/components/UserIdentity.php(17): CComponent->__get('email')
#1 /Users/wangalrebt/Sites/testdrive/protected/models/LoginForm.php(52): UserIdentity->authenticate()
#2 /Users/wangalrebt/Sites/yii-1.1.13.e9e4a0/framework/validators/CInlineValidator.php(42): LoginForm->authenticate('password', Array)
#3 /Users/wangalrebt/Sites/yii-1.1.13.e9e4a0/framework/validators/CValidator.php(213): CInlineValidator->validateAttribute(Object(LoginForm), 'password')
#4 /Users/wangalrebt/Sites/yii-1.1.13.e9e4a0/framework/base/CModel.php(159): CValidator->validate(Object(LoginForm), NULL)
#5 /Users/wangalrebt/Sites/testdrive/protected/controllers/SiteController.php(94): CModel->validate()
#6 /Users/wangalrebt/Sites/yii-1.1.13.e9e4a0/framework/web/actions/CInlineAction.php(49): SiteController->actionLogin()
#7 /Users/wangalrebt/Sites/yii-1.1.13.e9e4a0/framework/web/CController.php(308): CInlineAction->runWithParams(Array)
#8 /Users/wangalrebt/Sites/yii-1.1.13.e9e4a0/framework/web/CController.php(286): CController->runAction(Object(CInlineAction))
#9 /Users/wangalrebt/Sites/yii-1.1.13.e9e4a0/framework/web/CController.php(265): CController->runActionWithFilters(Object(CInlineAction), Array)
#10 /Users/wangalrebt/Sites/yii-1.1.13.e9e4a0/framework/web/CWebApplication.php(282): CController->run('login')
#11 /Users/wangalrebt/Sites/yii-1.1.13.e9e4a0/framework/web/CWebApplication.php(141): CWebApplication->runController('site/login')
#12 /Users/wangalrebt/Sites/yii-1.1.13.e9e4a0/framework/base/CApplication.php(169): CWebApplication->processRequest()
#13 /Users/wangalrebt/Sites/testdrive/index.php(13): CApplication->run()
#14 {main}
REQUEST_URI=/~wangalrebt/testdrive/index.php?r=site/login
HTTP_REFERER=http://localhost/~wangalrebt/testdrive/index.php?r=site/login
---
2013/02/10 23:28:21 [error] [exception.CHttpException.403] exception 'CHttpException' with message 'You are not authorized to perform this action.' in /Users/wangalrebt/Sites/yii-1.1.13.e9e4a0/framework/web/auth/CAccessControlFilter.php:179
Stack trace:
#0 /Users/wangalrebt/Sites/yii-1.1.13.e9e4a0/framework/web/auth/CAccessControlFilter.php(142): CAccessControlFilter->accessDenied(Object(CWebUser), 'You are not aut...')
#1 /Users/wangalrebt/Sites/yii-1.1.13.e9e4a0/framework/web/filters/CFilter.php(38): CAccessControlFilter->preFilter(Object(CFilterChain))
#2 /Users/wangalrebt/Sites/yii-1.1.13.e9e4a0/framework/web/CController.php(1145): CFilter->filter(Object(CFilterChain))
#3 /Users/wangalrebt/Sites/yii-1.1.13.e9e4a0/framework/web/filters/CInlineFilter.php(58): CController->filterAccessControl(Object(CFilterChain))
#4 /Users/wangalrebt/Sites/yii-1.1.13.e9e4a0/framework/web/filters/CFilterChain.php(130): CInlineFilter->filter(Object(CFilterChain))
#5 /Users/wangalrebt/Sites/yii-1.1.13.e9e4a0/framework/web/CController.php(291): CFilterChain->run()
#6 /Users/wangalrebt/Sites/yii-1.1.13.e9e4a0/framework/web/CController.php(265): CController->runActionWithFilters(Object(CInlineAction), Array)
#7 /Users/wangalrebt/Sites/yii-1.1.13.e9e4a0/framework/web/CWebApplication.php(282): CController->run('admin')
#8 /Users/wangalrebt/Sites/yii-1.1.13.e9e4a0/framework/web/CWebApplication.php(141): CWebApplication->runController('user/admin')
#9 /Users/wangalrebt/Sites/yii-1.1.13.e9e4a0/framework/base/CApplication.php(169): CWebApplication->processRequest()
#10 /Users/wangalrebt/Sites/testdrive/index.php(13): CApplication->run()
#11 {main}
REQUEST_URI=/~wangalrebt/testdrive/index.php?r=user/admin
HTTP_REFERER=http://localhost/~wangalrebt/testdrive/index.php?r=user/create
---
2013/02/10 23:29:54 [error] [exception.CHttpException.400] exception 'CHttpException' with message 'Your request is invalid.' in /Users/wangalrebt/Sites/yii-1.1.13.e9e4a0/framework/web/CController.php:336
Stack trace:
#0 /Users/wangalrebt/Sites/yii-1.1.13.e9e4a0/framework/web/CController.php(309): CController->invalidActionParams(Object(CInlineAction))
#1 /Users/wangalrebt/Sites/yii-1.1.13.e9e4a0/framework/web/filters/CFilterChain.php(133): CController->runAction(Object(CInlineAction))
#2 /Users/wangalrebt/Sites/yii-1.1.13.e9e4a0/framework/web/filters/CFilter.php(40): CFilterChain->run()
#3 /Users/wangalrebt/Sites/yii-1.1.13.e9e4a0/framework/web/CController.php(1145): CFilter->filter(Object(CFilterChain))
#4 /Users/wangalrebt/Sites/yii-1.1.13.e9e4a0/framework/web/filters/CInlineFilter.php(58): CController->filterAccessControl(Object(CFilterChain))
#5 /Users/wangalrebt/Sites/yii-1.1.13.e9e4a0/framework/web/filters/CFilterChain.php(130): CInlineFilter->filter(Object(CFilterChain))
#6 /Users/wangalrebt/Sites/yii-1.1.13.e9e4a0/framework/web/CController.php(291): CFilterChain->run()
#7 /Users/wangalrebt/Sites/yii-1.1.13.e9e4a0/framework/web/CController.php(265): CController->runActionWithFilters(Object(CInlineAction), Array)
#8 /Users/wangalrebt/Sites/yii-1.1.13.e9e4a0/framework/web/CWebApplication.php(282): CController->run('update')
#9 /Users/wangalrebt/Sites/yii-1.1.13.e9e4a0/framework/web/CWebApplication.php(141): CWebApplication->runController('user/update')
#10 /Users/wangalrebt/Sites/yii-1.1.13.e9e4a0/framework/base/CApplication.php(169): CWebApplication->processRequest()
#11 /Users/wangalrebt/Sites/testdrive/index.php(13): CApplication->run()
#12 {main}
REQUEST_URI=/~wangalrebt/testdrive/index.php?r=user/update
---
2013/02/10 23:33:13 [error] [exception.CHttpException.403] exception 'CHttpException' with message 'You are not authorized to perform this action.' in /Users/wangalrebt/Sites/yii-1.1.13.e9e4a0/framework/web/auth/CAccessControlFilter.php:179
Stack trace:
#0 /Users/wangalrebt/Sites/yii-1.1.13.e9e4a0/framework/web/auth/CAccessControlFilter.php(142): CAccessControlFilter->accessDenied(Object(CWebUser), 'You are not aut...')
#1 /Users/wangalrebt/Sites/yii-1.1.13.e9e4a0/framework/web/filters/CFilter.php(38): CAccessControlFilter->preFilter(Object(CFilterChain))
#2 /Users/wangalrebt/Sites/yii-1.1.13.e9e4a0/framework/web/CController.php(1145): CFilter->filter(Object(CFilterChain))
#3 /Users/wangalrebt/Sites/yii-1.1.13.e9e4a0/framework/web/filters/CInlineFilter.php(58): CController->filterAccessControl(Object(CFilterChain))
#4 /Users/wangalrebt/Sites/yii-1.1.13.e9e4a0/framework/web/filters/CFilterChain.php(130): CInlineFilter->filter(Object(CFilterChain))
#5 /Users/wangalrebt/Sites/yii-1.1.13.e9e4a0/framework/web/CController.php(291): CFilterChain->run()
#6 /Users/wangalrebt/Sites/yii-1.1.13.e9e4a0/framework/web/CController.php(265): CController->runActionWithFilters(Object(CInlineAction), Array)
#7 /Users/wangalrebt/Sites/yii-1.1.13.e9e4a0/framework/web/CWebApplication.php(282): CController->run('admin')
#8 /Users/wangalrebt/Sites/yii-1.1.13.e9e4a0/framework/web/CWebApplication.php(141): CWebApplication->runController('user/admin')
#9 /Users/wangalrebt/Sites/yii-1.1.13.e9e4a0/framework/base/CApplication.php(169): CWebApplication->processRequest()
#10 /Users/wangalrebt/Sites/testdrive/index.php(13): CApplication->run()
#11 {main}
REQUEST_URI=/~wangalrebt/testdrive/index.php?r=user/admin
HTTP_REFERER=http://localhost/~wangalrebt/testdrive/index.php?r=user/view&id=2
---
2013/02/15 20:15:25 [error] [exception.CHttpException.403] exception 'CHttpException' with message 'You are not authorized to perform this action.' in /Users/wangalrebt/Sites/yii-1.1.13.e9e4a0/framework/web/auth/CAccessControlFilter.php:179
Stack trace:
#0 /Users/wangalrebt/Sites/yii-1.1.13.e9e4a0/framework/web/auth/CAccessControlFilter.php(142): CAccessControlFilter->accessDenied(Object(CWebUser), 'You are not aut...')
#1 /Users/wangalrebt/Sites/yii-1.1.13.e9e4a0/framework/web/filters/CFilter.php(38): CAccessControlFilter->preFilter(Object(CFilterChain))
#2 /Users/wangalrebt/Sites/yii-1.1.13.e9e4a0/framework/web/CController.php(1145): CFilter->filter(Object(CFilterChain))
#3 /Users/wangalrebt/Sites/yii-1.1.13.e9e4a0/framework/web/filters/CInlineFilter.php(58): CController->filterAccessControl(Object(CFilterChain))
#4 /Users/wangalrebt/Sites/yii-1.1.13.e9e4a0/framework/web/filters/CFilterChain.php(130): CInlineFilter->filter(Object(CFilterChain))
#5 /Users/wangalrebt/Sites/yii-1.1.13.e9e4a0/framework/web/CController.php(291): CFilterChain->run()
#6 /Users/wangalrebt/Sites/yii-1.1.13.e9e4a0/framework/web/CController.php(265): CController->runActionWithFilters(Object(CInlineAction), Array)
#7 /Users/wangalrebt/Sites/yii-1.1.13.e9e4a0/framework/web/CWebApplication.php(282): CController->run('admin')
#8 /Users/wangalrebt/Sites/yii-1.1.13.e9e4a0/framework/web/CWebApplication.php(141): CWebApplication->runController('user/admin')
#9 /Users/wangalrebt/Sites/yii-1.1.13.e9e4a0/framework/base/CApplication.php(169): CWebApplication->processRequest()
#10 /Users/wangalrebt/Sites/testdrive/index.php(13): CApplication->run()
#11 {main}
REQUEST_URI=/~wangalrebt/testdrive/index.php?r=user/admin
---
2013/02/15 20:15:33 [error] [exception.CHttpException.404] exception 'CHttpException' with message 'The system is unable to find the requested action "new".' in /Users/wangalrebt/Sites/yii-1.1.13.e9e4a0/framework/web/CController.php:483
Stack trace:
#0 /Users/wangalrebt/Sites/yii-1.1.13.e9e4a0/framework/web/CController.php(270): CController->missingAction('new')
#1 /Users/wangalrebt/Sites/yii-1.1.13.e9e4a0/framework/web/CWebApplication.php(282): CController->run('new')
#2 /Users/wangalrebt/Sites/yii-1.1.13.e9e4a0/framework/web/CWebApplication.php(141): CWebApplication->runController('user/new')
#3 /Users/wangalrebt/Sites/yii-1.1.13.e9e4a0/framework/base/CApplication.php(169): CWebApplication->processRequest()
#4 /Users/wangalrebt/Sites/testdrive/index.php(13): CApplication->run()
#5 {main}
REQUEST_URI=/~wangalrebt/testdrive/index.php?r=user/new
---
2013/02/15 20:16:37 [error] [exception.CHttpException.403] exception 'CHttpException' with message 'You are not authorized to perform this action.' in /Users/wangalrebt/Sites/yii-1.1.13.e9e4a0/framework/web/auth/CAccessControlFilter.php:179
Stack trace:
#0 /Users/wangalrebt/Sites/yii-1.1.13.e9e4a0/framework/web/auth/CAccessControlFilter.php(142): CAccessControlFilter->accessDenied(Object(CWebUser), 'You are not aut...')
#1 /Users/wangalrebt/Sites/yii-1.1.13.e9e4a0/framework/web/filters/CFilter.php(38): CAccessControlFilter->preFilter(Object(CFilterChain))
#2 /Users/wangalrebt/Sites/yii-1.1.13.e9e4a0/framework/web/CController.php(1145): CFilter->filter(Object(CFilterChain))
#3 /Users/wangalrebt/Sites/yii-1.1.13.e9e4a0/framework/web/filters/CInlineFilter.php(58): CController->filterAccessControl(Object(CFilterChain))
#4 /Users/wangalrebt/Sites/yii-1.1.13.e9e4a0/framework/web/filters/CFilterChain.php(130): CInlineFilter->filter(Object(CFilterChain))
#5 /Users/wangalrebt/Sites/yii-1.1.13.e9e4a0/framework/web/CController.php(291): CFilterChain->run()
#6 /Users/wangalrebt/Sites/yii-1.1.13.e9e4a0/framework/web/CController.php(265): CController->runActionWithFilters(Object(CInlineAction), Array)
#7 /Users/wangalrebt/Sites/yii-1.1.13.e9e4a0/framework/web/CWebApplication.php(282): CController->run('admin')
#8 /Users/wangalrebt/Sites/yii-1.1.13.e9e4a0/framework/web/CWebApplication.php(141): CWebApplication->runController('user/admin')
#9 /Users/wangalrebt/Sites/yii-1.1.13.e9e4a0/framework/base/CApplication.php(169): CWebApplication->processRequest()
#10 /Users/wangalrebt/Sites/testdrive/index.php(13): CApplication->run()
#11 {main}
REQUEST_URI=/~wangalrebt/testdrive/index.php?r=user/admin
HTTP_REFERER=http://localhost/~wangalrebt/testdrive/index.php?r=user/view&id=3
---
2013/02/18 17:10:46 [error] [exception.CHttpException.403] exception 'CHttpException' with message 'You are not authorized to perform this action.' in /Users/wangalrebt/Sites/yii-1.1.13.e9e4a0/framework/web/auth/CAccessControlFilter.php:179
Stack trace:
#0 /Users/wangalrebt/Sites/yii-1.1.13.e9e4a0/framework/web/auth/CAccessControlFilter.php(142): CAccessControlFilter->accessDenied(Object(CWebUser), 'You are not aut...')
#1 /Users/wangalrebt/Sites/yii-1.1.13.e9e4a0/framework/web/filters/CFilter.php(38): CAccessControlFilter->preFilter(Object(CFilterChain))
#2 /Users/wangalrebt/Sites/yii-1.1.13.e9e4a0/framework/web/CController.php(1145): CFilter->filter(Object(CFilterChain))
#3 /Users/wangalrebt/Sites/yii-1.1.13.e9e4a0/framework/web/filters/CInlineFilter.php(58): CController->filterAccessControl(Object(CFilterChain))
#4 /Users/wangalrebt/Sites/yii-1.1.13.e9e4a0/framework/web/filters/CFilterChain.php(130): CInlineFilter->filter(Object(CFilterChain))
#5 /Users/wangalrebt/Sites/yii-1.1.13.e9e4a0/framework/web/CController.php(291): CFilterChain->run()
#6 /Users/wangalrebt/Sites/yii-1.1.13.e9e4a0/framework/web/CController.php(265): CController->runActionWithFilters(Object(CInlineAction), Array)
#7 /Users/wangalrebt/Sites/yii-1.1.13.e9e4a0/framework/web/CWebApplication.php(282): CController->run('admin')
#8 /Users/wangalrebt/Sites/yii-1.1.13.e9e4a0/framework/web/CWebApplication.php(141): CWebApplication->runController('user/admin')
#9 /Users/wangalrebt/Sites/yii-1.1.13.e9e4a0/framework/base/CApplication.php(169): CWebApplication->processRequest()
#10 /Users/wangalrebt/Sites/testdrive/index.php(13): CApplication->run()
#11 {main}
REQUEST_URI=/~wangalrebt/testdrive/index.php?r=user/admin
HTTP_REFERER=http://localhost/~wangalrebt/testdrive/index.php?r=site/login
---
2013/02/18 17:11:47 [error] [exception.CHttpException.400] exception 'CHttpException' with message 'Your request is invalid.' in /Users/wangalrebt/Sites/yii-1.1.13.e9e4a0/framework/web/CController.php:336
Stack trace:
#0 /Users/wangalrebt/Sites/yii-1.1.13.e9e4a0/framework/web/CController.php(309): CController->invalidActionParams(Object(CInlineAction))
#1 /Users/wangalrebt/Sites/yii-1.1.13.e9e4a0/framework/web/filters/CFilterChain.php(133): CController->runAction(Object(CInlineAction))
#2 /Users/wangalrebt/Sites/yii-1.1.13.e9e4a0/framework/web/filters/CFilter.php(40): CFilterChain->run()
#3 /Users/wangalrebt/Sites/yii-1.1.13.e9e4a0/framework/web/CController.php(1145): CFilter->filter(Object(CFilterChain))
#4 /Users/wangalrebt/Sites/yii-1.1.13.e9e4a0/framework/web/filters/CInlineFilter.php(58): CController->filterAccessControl(Object(CFilterChain))
#5 /Users/wangalrebt/Sites/yii-1.1.13.e9e4a0/framework/web/filters/CFilterChain.php(130): CInlineFilter->filter(Object(CFilterChain))
#6 /Users/wangalrebt/Sites/yii-1.1.13.e9e4a0/framework/web/CController.php(291): CFilterChain->run()
#7 /Users/wangalrebt/Sites/yii-1.1.13.e9e4a0/framework/web/CController.php(265): CController->runActionWithFilters(Object(CInlineAction), Array)
#8 /Users/wangalrebt/Sites/yii-1.1.13.e9e4a0/framework/web/CWebApplication.php(282): CController->run('update')
#9 /Users/wangalrebt/Sites/yii-1.1.13.e9e4a0/framework/web/CWebApplication.php(141): CWebApplication->runController('user/update')
#10 /Users/wangalrebt/Sites/yii-1.1.13.e9e4a0/framework/base/CApplication.php(169): CWebApplication->processRequest()
#11 /Users/wangalrebt/Sites/testdrive/index.php(13): CApplication->run()
#12 {main}
REQUEST_URI=/~wangalrebt/testdrive/index.php?r=user/update
HTTP_REFERER=http://localhost/~wangalrebt/testdrive/index.php?r=site/login
---
2013/02/18 17:12:42 [error] [exception.CHttpException.403] exception 'CHttpException' with message 'You are not authorized to perform this action' in /Users/wangalrebt/Sites/testdrive/protected/controllers/UserController.php:97
Stack trace:
#0 [internal function]: UserController->actionUpdate('2')
#1 /Users/wangalrebt/Sites/yii-1.1.13.e9e4a0/framework/web/actions/CAction.php(108): ReflectionMethod->invokeArgs(Object(UserController), Array)
#2 /Users/wangalrebt/Sites/yii-1.1.13.e9e4a0/framework/web/actions/CInlineAction.php(47): CAction->runWithParamsInternal(Object(UserController), Object(ReflectionMethod), Array)
#3 /Users/wangalrebt/Sites/yii-1.1.13.e9e4a0/framework/web/CController.php(308): CInlineAction->runWithParams(Array)
#4 /Users/wangalrebt/Sites/yii-1.1.13.e9e4a0/framework/web/filters/CFilterChain.php(133): CController->runAction(Object(CInlineAction))
#5 /Users/wangalrebt/Sites/yii-1.1.13.e9e4a0/framework/web/filters/CFilter.php(40): CFilterChain->run()
#6 /Users/wangalrebt/Sites/yii-1.1.13.e9e4a0/framework/web/CController.php(1145): CFilter->filter(Object(CFilterChain))
#7 /Users/wangalrebt/Sites/yii-1.1.13.e9e4a0/framework/web/filters/CInlineFilter.php(58): CController->filterAccessControl(Object(CFilterChain))
#8 /Users/wangalrebt/Sites/yii-1.1.13.e9e4a0/framework/web/filters/CFilterChain.php(130): CInlineFilter->filter(Object(CFilterChain))
#9 /Users/wangalrebt/Sites/yii-1.1.13.e9e4a0/framework/web/CController.php(291): CFilterChain->run()
#10 /Users/wangalrebt/Sites/yii-1.1.13.e9e4a0/framework/web/CController.php(265): CController->runActionWithFilters(Object(CInlineAction), Array)
#11 /Users/wangalrebt/Sites/yii-1.1.13.e9e4a0/framework/web/CWebApplication.php(282): CController->run('update')
#12 /Users/wangalrebt/Sites/yii-1.1.13.e9e4a0/framework/web/CWebApplication.php(141): CWebApplication->runController('user/update')
#13 /Users/wangalrebt/Sites/yii-1.1.13.e9e4a0/framework/base/CApplication.php(169): CWebApplication->processRequest()
#14 /Users/wangalrebt/Sites/testdrive/index.php(13): CApplication->run()
#15 {main}
REQUEST_URI=/~wangalrebt/testdrive/index.php?r=user/update&id=2
---
2013/02/27 01:20:20 [error] [php] strtotime(): It is not safe to rely on the system's timezone settings. You are *required* to use the date.timezone setting or the date_default_timezone_set() function. In case you used any of those methods and you are still getting this warning, you most likely misspelled the timezone identifier. We selected the timezone 'UTC' for now, but please set date.timezone to select your timezone. (/Users/wangalrebt/Sites/testdrive/protected/components/UserIdentity.php:35)
Stack trace:
#0 /Users/wangalrebt/Sites/yii-1.1.13.e9e4a0/framework/validators/CInlineValidator.php(42): LoginForm->authenticate()
#1 /Users/wangalrebt/Sites/yii-1.1.13.e9e4a0/framework/validators/CValidator.php(213): CInlineValidator->validateAttribute()
#2 /Users/wangalrebt/Sites/yii-1.1.13.e9e4a0/framework/base/CModel.php(159): CInlineValidator->validate()
#3 /Users/wangalrebt/Sites/testdrive/protected/controllers/SiteController.php(94): LoginForm->validate()
#4 /Users/wangalrebt/Sites/yii-1.1.13.e9e4a0/framework/web/actions/CInlineAction.php(49): SiteController->actionLogin()
#5 /Users/wangalrebt/Sites/yii-1.1.13.e9e4a0/framework/web/CController.php(308): CInlineAction->runWithParams()
#6 /Users/wangalrebt/Sites/yii-1.1.13.e9e4a0/framework/web/CController.php(286): SiteController->runAction()
#7 /Users/wangalrebt/Sites/yii-1.1.13.e9e4a0/framework/web/CController.php(265): SiteController->runActionWithFilters()
#8 /Users/wangalrebt/Sites/yii-1.1.13.e9e4a0/framework/web/CWebApplication.php(282): SiteController->run()
#9 /Users/wangalrebt/Sites/yii-1.1.13.e9e4a0/framework/web/CWebApplication.php(141): CWebApplication->runController()
#10 /Users/wangalrebt/Sites/yii-1.1.13.e9e4a0/framework/base/CApplication.php(169): CWebApplication->processRequest()
#11 /Users/wangalrebt/Sites/testdrive/index.php(13): CWebApplication->run()
REQUEST_URI=/~wangalrebt/testdrive/index.php?r=site/login
in /Users/wangalrebt/Sites/testdrive/protected/components/UserIdentity.php (35)
in /Users/wangalrebt/Sites/testdrive/protected/models/LoginForm.php (52)
in /Users/wangalrebt/Sites/testdrive/protected/controllers/SiteController.php (94)
